AutoDock Vina v1.2.5
#################################################################
# If you used AutoDock Vina in your work, please cite:          #
#                                                               #
# J. Eberhardt, D. Santos-Martins, A. F. Tillack, and S. Forli  #
# AutoDock Vina 1.2.0: New Docking Methods, Expanded Force      #
# Field, and Python Bindings, J. Chem. Inf. Model. (2021)       #
# DOI 10.1021/acs.jcim.1c00203                                  #
#                                                               #
# O. Trott, A. J. Olson,                                        #
# AutoDock Vina: improving the speed and accuracy of docking    #
# with a new scoring function, efficient optimization and       #
# multithreading, J. Comp. Chem. (2010)                         #
# DOI 10.1002/jcc.21334                                         #
#                                                               #
# Please see https://github.com/ccsb-scripps/AutoDock-Vina for  #
# more information.                                             #
#################################################################

Scoring function : vina
Rigid receptor: /content/5N2S/DOCKING/5N2S_prot_A.pdbqt
Ligand: /content/5N2S/DOCKING/CAF/CAF.pdbqt
Grid center: X 0 Y 0 Z 0
Grid size  : X 10 Y 10 Z 10
Grid space : 0.375
Exhaustiveness: 16
CPU: 2
Verbosity: 2

Computing Vina grid ... done.
Performing docking (random seed: 74200681) ... 
0%   10   20   30   40   50   60   70   80   90   100%
|----|----|----|----|----|----|----|----|----|----|
***************************************************
done.
ENERGY FROM SEARCH: 0
FINAL ENERGY: 
Estimated Free Energy of Binding   : 0.000 (kcal/mol) [=(1)+(2)+(3)-(4)]
(1) Final Intermolecular Energy    : 0.000 (kcal/mol)
    Ligand - Receptor              : 0.000 (kcal/mol)
    Ligand - Flex side chains      : 0.000 (kcal/mol)
(2) Final Total Internal Energy    : 0.000 (kcal/mol)
    Ligand                         : 0.000 (kcal/mol)
    Flex   - Receptor              : 0.000 (kcal/mol)
    Flex   - Flex side chains      : 0.000 (kcal/mol)
(3) Torsional Free Energy          : 0.000 (kcal/mol)
(4) Unbound System's Energy        : 0.000 (kcal/mol)
ENERGY FROM SEARCH: 0.000
FINAL ENERGY: 
Estimated Free Energy of Binding   : 0.000 (kcal/mol) [=(1)+(2)+(3)-(4)]
(1) Final Intermolecular Energy    : 0.000 (kcal/mol)
    Ligand - Receptor              : 0.000 (kcal/mol)
    Ligand - Flex side chains      : 0.000 (kcal/mol)
(2) Final Total Internal Energy    : 0.000 (kcal/mol)
    Ligand                         : 0.000 (kcal/mol)
    Flex   - Receptor              : 0.000 (kcal/mol)
    Flex   - Flex side chains      : 0.000 (kcal/mol)
(3) Torsional Free Energy          : 0.000 (kcal/mol)
(4) Unbound System's Energy        : 0.000 (kcal/mol)
ENERGY FROM SEARCH: 0.000
FINAL ENERGY: 
Estimated Free Energy of Binding   : 0.000 (kcal/mol) [=(1)+(2)+(3)-(4)]
(1) Final Intermolecular Energy    : 0.000 (kcal/mol)
    Ligand - Receptor              : 0.000 (kcal/mol)
    Ligand - Flex side chains      : 0.000 (kcal/mol)
(2) Final Total Internal Energy    : 0.000 (kcal/mol)
    Ligand                         : 0.000 (kcal/mol)
    Flex   - Receptor              : 0.000 (kcal/mol)
    Flex   - Flex side chains      : 0.000 (kcal/mol)
(3) Torsional Free Energy          : 0.000 (kcal/mol)
(4) Unbound System's Energy        : 0.000 (kcal/mol)
ENERGY FROM SEARCH: 0.000
FINAL ENERGY: 
Estimated Free Energy of Binding   : 0.000 (kcal/mol) [=(1)+(2)+(3)-(4)]
(1) Final Intermolecular Energy    : 0.000 (kcal/mol)
    Ligand - Receptor              : 0.000 (kcal/mol)
    Ligand - Flex side chains      : 0.000 (kcal/mol)
(2) Final Total Internal Energy    : 0.000 (kcal/mol)
    Ligand                         : 0.000 (kcal/mol)
    Flex   - Receptor              : 0.000 (kcal/mol)
    Flex   - Flex side chains      : 0.000 (kcal/mol)
(3) Torsional Free Energy          : 0.000 (kcal/mol)
(4) Unbound System's Energy        : 0.000 (kcal/mol)
ENERGY FROM SEARCH: 0.000
FINAL ENERGY: 
Estimated Free Energy of Binding   : 0.000 (kcal/mol) [=(1)+(2)+(3)-(4)]
(1) Final Intermolecular Energy    : 0.000 (kcal/mol)
    Ligand - Receptor              : 0.000 (kcal/mol)
    Ligand - Flex side chains      : 0.000 (kcal/mol)
(2) Final Total Internal Energy    : 0.000 (kcal/mol)
    Ligand                         : 0.000 (kcal/mol)
    Flex   - Receptor              : 0.000 (kcal/mol)
    Flex   - Flex side chains      : 0.000 (kcal/mol)
(3) Torsional Free Energy          : 0.000 (kcal/mol)
(4) Unbound System's Energy        : 0.000 (kcal/mol)
ENERGY FROM SEARCH: 0.000
FINAL ENERGY: 
Estimated Free Energy of Binding   : 0.000 (kcal/mol) [=(1)+(2)+(3)-(4)]
(1) Final Intermolecular Energy    : 0.000 (kcal/mol)
    Ligand - Receptor              : 0.000 (kcal/mol)
    Ligand - Flex side chains      : 0.000 (kcal/mol)
(2) Final Total Internal Energy    : 0.000 (kcal/mol)
    Ligand                         : 0.000 (kcal/mol)
    Flex   - Receptor              : 0.000 (kcal/mol)
    Flex   - Flex side chains      : 0.000 (kcal/mol)
(3) Torsional Free Energy          : 0.000 (kcal/mol)
(4) Unbound System's Energy        : 0.000 (kcal/mol)
ENERGY FROM SEARCH: 0.000
FINAL ENERGY: 
Estimated Free Energy of Binding   : 0.000 (kcal/mol) [=(1)+(2)+(3)-(4)]
(1) Final Intermolecular Energy    : 0.000 (kcal/mol)
    Ligand - Receptor              : 0.000 (kcal/mol)
    Ligand - Flex side chains      : 0.000 (kcal/mol)
(2) Final Total Internal Energy    : 0.000 (kcal/mol)
    Ligand                         : 0.000 (kcal/mol)
    Flex   - Receptor              : 0.000 (kcal/mol)
    Flex   - Flex side chains      : 0.000 (kcal/mol)
(3) Torsional Free Energy          : 0.000 (kcal/mol)
(4) Unbound System's Energy        : 0.000 (kcal/mol)
ENERGY FROM SEARCH: 0.000
FINAL ENERGY: 
Estimated Free Energy of Binding   : 0.000 (kcal/mol) [=(1)+(2)+(3)-(4)]
(1) Final Intermolecular Energy    : 0.000 (kcal/mol)
    Ligand - Receptor              : 0.000 (kcal/mol)
    Ligand - Flex side chains      : 0.000 (kcal/mol)
(2) Final Total Internal Energy    : 0.000 (kcal/mol)
    Ligand                         : 0.000 (kcal/mol)
    Flex   - Receptor              : 0.000 (kcal/mol)
    Flex   - Flex side chains      : 0.000 (kcal/mol)
(3) Torsional Free Energy          : 0.000 (kcal/mol)
(4) Unbound System's Energy        : 0.000 (kcal/mol)
ENERGY FROM SEARCH: 0.000
FINAL ENERGY: 
Estimated Free Energy of Binding   : 0.000 (kcal/mol) [=(1)+(2)+(3)-(4)]
(1) Final Intermolecular Energy    : 0.000 (kcal/mol)
    Ligand - Receptor              : 0.000 (kcal/mol)
    Ligand - Flex side chains      : 0.000 (kcal/mol)
(2) Final Total Internal Energy    : 0.000 (kcal/mol)
    Ligand                         : 0.000 (kcal/mol)
    Flex   - Receptor              : 0.000 (kcal/mol)
    Flex   - Flex side chains      : 0.000 (kcal/mol)
(3) Torsional Free Energy          : 0.000 (kcal/mol)
(4) Unbound System's Energy        : 0.000 (kcal/mol)

mode |   affinity | dist from best mode
     | (kcal/mol) | rmsd l.b.| rmsd u.b.
-----+------------+----------+----------
   1       0.0000     0.0000     0.0000
   2       0.0000     5.4431     7.2757
   3       0.0000     3.9080     6.2192
   4       0.0000     4.1450     5.6906
   5       0.0000     2.8798     4.4097
   6       0.0000     4.2120     4.8347
   7       0.0000     3.5946     4.8458
   8       0.0000     2.9317     4.0877
   9       0.0000     2.2396     3.5875
